<?xml version="1.0" encoding="UTF-8"?>
<!-- Generated by org.testng.reporters.JUnitReportReporter -->
<testsuite hostname="LIN80029007" failures="0" tests="6" name="api.test.DDTest" time="11.506" errors="0" timestamp="2024-07-22T15:08:36 IST" skipped="0">
  <testcase classname="api.test.DDTest" name="testPostuser" time="2.064"/>
  <system-out/>
  <testcase classname="api.test.DDTest" name="testPostuser" time="2.043"/>
  <system-out/>
  <testcase classname="api.test.DDTest" name="testPostuser" time="4.402"/>
  <system-out/>
  <testcase classname="api.test.DDTest" name="testDeleteUserByName" time="0.979"/>
  <system-out/>
  <testcase classname="api.test.DDTest" name="testDeleteUserByName" time="0.986"/>
  <system-out/>
  <testcase classname="api.test.DDTest" name="testDeleteUserByName" time="1.032"/>
  <system-out/>
</testsuite> <!-- api.test.DDTest -->
