<?xml version="1.0" encoding="UTF-8"?>
<!-- Generated by org.testng.reporters.JUnitReportReporter -->
<testsuite hostname="LIN80029007" failures="0" tests="4" name="api.test.UserTests" time="7.358" errors="0" timestamp="2024-07-22T12:55:28 IST" skipped="0">
  <testcase classname="api.test.UserTests" name="Testpostuser" time="3.148"/>
  <system-out/>
  <testcase classname="api.test.UserTests" name="Testgetuser" time="1.179"/>
  <system-out/>
  <testcase classname="api.test.UserTests" name="Testupdateuser" time="2.027"/>
  <system-out/>
  <testcase classname="api.test.UserTests" name="Testdeleteuser" time="1.004"/>
  <system-out/>
</testsuite> <!-- api.test.UserTests -->
