<?xml version="1.0" encoding="UTF-8"?>
<!-- Generated by org.testng.reporters.JUnitReportReporter -->
<testsuite hostname="LIN80029007" failures="0" tests="6" name="api.test.DDTest" time="12.885" errors="0" timestamp="2024-07-22T17:32:28 IST" skipped="0">
  <testcase classname="api.test.DDTest" name="testPostuser" time="2.083"/>
  <system-out/>
  <testcase classname="api.test.DDTest" name="testPostuser" time="5.489"/>
  <system-out/>
  <testcase classname="api.test.DDTest" name="testPostuser" time="2.243"/>
  <system-out/>
  <testcase classname="api.test.DDTest" name="testDeleteUserByName" time="1.004"/>
  <system-out/>
  <testcase classname="api.test.DDTest" name="testDeleteUserByName" time="1.003"/>
  <system-out/>
  <testcase classname="api.test.DDTest" name="testDeleteUserByName" time="1.063"/>
  <system-out/>
</testsuite> <!-- api.test.DDTest -->
